<?xml version="1.0" encoding="UTF-8"?>
<!-- Generated by org.testng.reporters.JUnitReportReporter -->
<testsuite skipped="0" hostname="LP1013" name="br.com.santander.test.runners.DemoRunner" tests="1" failures="0" timestamp="16 mar 2022 13:10:59 GMT" time="27.263" errors="0">
  <testcase name="runScenario" time="27.263" classname="br.com.santander.test.runners.DemoRunner"/>
</testsuite> <!-- br.com.santander.test.runners.DemoRunner -->
